ISim log file
Running: D:\Audio-Controller\EvenOneMoreAudCtrl\dev_test_isim_beh.exe -intstyle ise -gui -tclbatch isim.cmd -wdb D:/Audio-Controller/EvenOneMoreAudCtrl/dev_test_isim_beh.wdb 
ISim O.87xd (signature 0xc3576ebc)
WARNING: A WEBPACK license was found.
WARNING: Please use Xilinx License Configuration Manager to check out a full ISim license.
WARNING: ISim will run in Lite mode. Please refer to the ISim documentation for more information on the differences between the Lite and the Full version.
This is a Lite version of ISim.
Time resolution is 1 ps
# onerror resume
# wave add /
# run 1000 ns
Simulator is doing circuit initialization process.
 Block Memory Generator CORE Generator module loading initial data...
 Block Memory Generator data initialization complete.
Block Memory Generator CORE Generator module dev_test.uut.aud_ctrl.memory.inst.\native_mem_module.blk_mem_gen_v6_3_inst  is using a behavioral model for simulation which will not precisely model memory collision behavior.
 Block Memory Generator CORE Generator module loading initial data...
 Block Memory Generator data initialization complete.
Block Memory Generator CORE Generator module dev_test.uut.master.melody_mem.inst.\native_mem_module.blk_mem_gen_v6_3_inst  is using a behavioral model for simulation which will not precisely model memory collision behavior.
Finished circuit initialization process.
# run 1.00s
Stopped at time : 882878020 ns : File "D:/Audio-Controller/EvenOneMoreAudCtrl/dev_test.v" Line 108
