Release 13.4 - xst O.87xd (nt64)
Copyright (c) 1995-2011 Xilinx, Inc.  All rights reserved.
--> Parameter TMPDIR set to xst/projnav.tmp


Total REAL time to Xst completion: 0.00 secs
Total CPU time to Xst completion: 0.18 secs
 
--> Parameter xsthdpdir set to xst


Total REAL time to Xst completion: 0.00 secs
Total CPU time to Xst completion: 0.18 secs
 
--> Reading design: make_sig.prj

TABLE OF CONTENTS
  1) Synthesis Options Summary
  2) HDL Compilation
  3) Design Hierarchy Analysis
  4) HDL Analysis
  5) HDL Synthesis
     5.1) HDL Synthesis Report
  6) Advanced HDL Synthesis
     6.1) Advanced HDL Synthesis Report
  7) Low Level Synthesis
  8) Partition Report
  9) Final Report
	9.1) Device utilization summary
	9.2) Partition Resource Summary
	9.3) TIMING REPORT


=========================================================================
*                      Synthesis Options Summary                        *
=========================================================================
---- Source Parameters
Input File Name                    : "make_sig.prj"
Input Format                       : mixed
Ignore Synthesis Constraint File   : NO

---- Target Parameters
Output File Name                   : "make_sig"
Output Format                      : NGC
Target Device                      : xc3s700an-4-fgg484

---- Source Options
Top Module Name                    : make_sig
Automatic FSM Extraction           : YES
FSM Encoding Algorithm             : Auto
Safe Implementation                : No
FSM Style                          : LUT
RAM Extraction                     : Yes
RAM Style                          : Auto
ROM Extraction                     : Yes
Mux Style                          : Auto
Decoder Extraction                 : YES
Priority Encoder Extraction        : Yes
Shift Register Extraction          : YES
Logical Shifter Extraction         : YES
XOR Collapsing                     : YES
ROM Style                          : Auto
Mux Extraction                     : Yes
Resource Sharing                   : YES
Asynchronous To Synchronous        : NO
Multiplier Style                   : Auto
Automatic Register Balancing       : No

---- Target Options
Add IO Buffers                     : YES
Global Maximum Fanout              : 100000
Add Generic Clock Buffer(BUFG)     : 24
Register Duplication               : YES
Slice Packing                      : YES
Optimize Instantiated Primitives   : NO
Use Clock Enable                   : Yes
Use Synchronous Set                : Yes
Use Synchronous Reset              : Yes
Pack IO Registers into IOBs        : Auto
Equivalent register Removal        : YES

---- General Options
Optimization Goal                  : Speed
Optimization Effort                : 1
Keep Hierarchy                     : No
Netlist Hierarchy                  : As_Optimized
RTL Output                         : Yes
Global Optimization                : AllClockNets
Read Cores                         : YES
Write Timing Constraints           : NO
Cross Clock Analysis               : NO
Hierarchy Separator                : /
Bus Delimiter                      : <>
Case Specifier                     : Maintain
Slice Utilization Ratio            : 100
BRAM Utilization Ratio             : 100
Verilog 2001                       : YES
Auto BRAM Packing                  : NO
Slice Utilization Ratio Delta      : 5

---- Other Options
Cores Search Directories           : {"ipcore_dir"  }

=========================================================================


=========================================================================
*                          HDL Compilation                              *
=========================================================================
Compiling verilog file "make_sig.v" in library work
Module <make_sig> compiled
No errors in compilation
Analysis of file <"make_sig.prj"> succeeded.
 

=========================================================================
*                     Design Hierarchy Analysis                         *
=========================================================================
Analyzing hierarchy for module <make_sig> in library <work>.


=========================================================================
*                            HDL Analysis                               *
=========================================================================
Analyzing top module <make_sig>.
Module <make_sig> is correct for synthesis.
 

=========================================================================
*                           HDL Synthesis                               *
=========================================================================

Performing bidirectional port resolution...

Synthesizing Unit <make_sig>.
    Related source file is "make_sig.v".
WARNING:Xst:647 - Input <sin<0>> is never used. This port will be preserved and left unconnected if it belongs to a top-level block or it belongs to a sub-block and the hierarchy of this sub-block is preserved.
    Found 1-bit register for signal <sig>.
    Found 14-bit up accumulator for signal <curr_length>.
    Found 14-bit adder for signal <pos_length$addsub0001> created at line 35.
    Found 13-bit adder carry out for signal <pos_length$addsub0002> created at line 33.
    Found 14-bit comparator less for signal <sig$cmp_lt0000> created at line 41.
    Summary:
	inferred   1 Accumulator(s).
	inferred   1 D-type flip-flop(s).
	inferred   2 Adder/Subtractor(s).
	inferred   1 Comparator(s).
Unit <make_sig> synthesized.


=========================================================================
HDL Synthesis Report

Macro Statistics
# Adders/Subtractors                                   : 2
 13-bit adder carry out                                : 1
 14-bit adder                                          : 1
# Accumulators                                         : 1
 14-bit up accumulator                                 : 1
# Registers                                            : 1
 1-bit register                                        : 1
# Comparators                                          : 1
 14-bit comparator less                                : 1

=========================================================================

=========================================================================
*                       Advanced HDL Synthesis                          *
=========================================================================


=========================================================================
Advanced HDL Synthesis Report

Macro Statistics
# Adders/Subtractors                                   : 2
 13-bit adder carry out                                : 1
 14-bit adder                                          : 1
# Accumulators                                         : 1
 14-bit up accumulator                                 : 1
# Registers                                            : 1
 Flip-Flops                                            : 1
# Comparators                                          : 1
 14-bit comparator less                                : 1

=========================================================================

=========================================================================
*                         Low Level Synthesis                           *
=========================================================================
WARNING:Xst:1293 - FF/Latch <curr_length_0> has a constant value of 0 in block <make_sig>. This FF/Latch will be trimmed during the optimization process.
WARNING:Xst:1896 - Due to other FF/Latch trimming, FF/Latch <curr_length_1> has a constant value of 0 in block <make_sig>. This FF/Latch will be trimmed during the optimization process.
WARNING:Xst:1896 - Due to other FF/Latch trimming, FF/Latch <curr_length_2> has a constant value of 0 in block <make_sig>. This FF/Latch will be trimmed during the optimization process.

Optimizing unit <make_sig> ...

Mapping all equations...
Building and optimizing final netlist ...
Found area constraint ratio of 100 (+ 5) on block make_sig, actual ratio is 0.

Final Macro Processing ...

=========================================================================
Final Register Report

Macro Statistics
# Registers                                            : 12
 Flip-Flops                                            : 12

=========================================================================

=========================================================================
*                           Partition Report                            *
=========================================================================

Partition Implementation Status
-------------------------------

  No Partitions were found in this design.

-------------------------------

=========================================================================
*                            Final Report                               *
=========================================================================
Final Results
RTL Top Level Output File Name     : make_sig.ngr
Top Level Output File Name         : make_sig
Output Format                      : NGC
Optimization Goal                  : Speed
Keep Hierarchy                     : No

Design Statistics
# IOs                              : 18

Cell Usage :
# BELS                             : 141
#      GND                         : 1
#      INV                         : 17
#      LUT1                        : 20
#      LUT2                        : 1
#      LUT4                        : 14
#      MUXCY                       : 50
#      VCC                         : 1
#      XORCY                       : 37
# FlipFlops/Latches                : 12
#      FD                          : 11
#      FDR                         : 1
# Clock Buffers                    : 1
#      BUFGP                       : 1
# IO Buffers                       : 16
#      IBUF                        : 15
#      OBUF                        : 1
=========================================================================

Device utilization summary:
---------------------------

Selected Device : 3s700anfgg484-4 

 Number of Slices:                       29  out of   5888     0%  
 Number of Slice Flip Flops:             12  out of  11776     0%  
 Number of 4 input LUTs:                 52  out of  11776     0%  
 Number of IOs:                          18
 Number of bonded IOBs:                  17  out of    372     4%  
 Number of GCLKs:                         1  out of     24     4%  

---------------------------
Partition Resource Summary:
---------------------------

  No Partitions were found in this design.

---------------------------


=========================================================================
TIMING REPORT

NOTE: THESE TIMING NUMBERS ARE ONLY A SYNTHESIS ESTIMATE.
      FOR ACCURATE TIMING INFORMATION PLEASE REFER TO THE TRACE REPORT
      GENERATED AFTER PLACE-and-ROUTE.

Clock Information:
------------------
-----------------------------------+------------------------+-------+
Clock Signal                       | Clock buffer(FF name)  | Load  |
-----------------------------------+------------------------+-------+
clk                                | BUFGP                  | 12    |
-----------------------------------+------------------------+-------+

Asynchronous Control Signals Information:
----------------------------------------
No asynchronous control signals found in this design

Timing Summary:
---------------
Speed Grade: -4

   Minimum period: 4.336ns (Maximum Frequency: 230.627MHz)
   Minimum input arrival time before clock: 7.551ns
   Maximum output required time after clock: 5.531ns
   Maximum combinational path delay: No path found

Timing Detail:
--------------
All values displayed in nanoseconds (ns)

=========================================================================
Timing constraint: Default period analysis for Clock 'clk'
  Clock period: 4.336ns (frequency: 230.627MHz)
  Total number of paths / destination ports: 88 / 12
-------------------------------------------------------------------------
Delay:               4.336ns (Levels of Logic = 12)
  Source:            curr_length_3 (FF)
  Destination:       sig (FF)
  Source Clock:      clk rising
  Destination Clock: clk rising

  Data Path: curr_length_3 to sig
                                Gate     Net
    Cell:in->out      fanout   Delay   Delay  Logical Name (Net Name)
    ----------------------------------------  ------------
     FD:C->Q               2   0.591   0.450  curr_length_3 (curr_length_3)
     LUT4:I3->O            1   0.648   0.000  Mcompar_sig_cmp_lt0000_lut<3> (Mcompar_sig_cmp_lt0000_lut<3>)
     MUXCY:S->O            1   0.632   0.000  Mcompar_sig_cmp_lt0000_cy<3> (Mcompar_sig_cmp_lt0000_cy<3>)
     MUXCY:CI->O           1   0.065   0.000  Mcompar_sig_cmp_lt0000_cy<4> (Mcompar_sig_cmp_lt0000_cy<4>)
     MUXCY:CI->O           1   0.065   0.000  Mcompar_sig_cmp_lt0000_cy<5> (Mcompar_sig_cmp_lt0000_cy<5>)
     MUXCY:CI->O           1   0.065   0.000  Mcompar_sig_cmp_lt0000_cy<6> (Mcompar_sig_cmp_lt0000_cy<6>)
     MUXCY:CI->O           1   0.065   0.000  Mcompar_sig_cmp_lt0000_cy<7> (Mcompar_sig_cmp_lt0000_cy<7>)
     MUXCY:CI->O           1   0.065   0.000  Mcompar_sig_cmp_lt0000_cy<8> (Mcompar_sig_cmp_lt0000_cy<8>)
     MUXCY:CI->O           1   0.065   0.000  Mcompar_sig_cmp_lt0000_cy<9> (Mcompar_sig_cmp_lt0000_cy<9>)
     MUXCY:CI->O           1   0.065   0.000  Mcompar_sig_cmp_lt0000_cy<10> (Mcompar_sig_cmp_lt0000_cy<10>)
     MUXCY:CI->O           1   0.065   0.000  Mcompar_sig_cmp_lt0000_cy<11> (Mcompar_sig_cmp_lt0000_cy<11>)
     MUXCY:CI->O           1   0.065   0.000  Mcompar_sig_cmp_lt0000_cy<12> (Mcompar_sig_cmp_lt0000_cy<12>)
     MUXCY:CI->O           1   0.141   0.420  Mcompar_sig_cmp_lt0000_cy<13> (Mcompar_sig_cmp_lt0000_cy<13>)
     FDR:R                     0.869          sig
    ----------------------------------------
    Total                      4.336ns (3.466ns logic, 0.870ns route)
                                       (79.9% logic, 20.1% route)

=========================================================================
Timing constraint: Default OFFSET IN BEFORE for Clock 'clk'
  Total number of paths / destination ports: 236 / 1
-------------------------------------------------------------------------
Offset:              7.551ns (Levels of Logic = 18)
  Source:            sin<1> (PAD)
  Destination:       sig (FF)
  Destination Clock: clk rising

  Data Path: sin<1> to sig
                                Gate     Net
    Cell:in->out      fanout   Delay   Delay  Logical Name (Net Name)
    ----------------------------------------  ------------
     IBUF:I->O             2   0.849   0.590  sin_1_IBUF (sin_1_IBUF)
     LUT1:I0->O            1   0.648   0.000  Madd_pos_length_addsub0001_cy<0>_rt (Madd_pos_length_addsub0001_cy<0>_rt)
     MUXCY:S->O            1   0.632   0.000  Madd_pos_length_addsub0001_cy<0> (Madd_pos_length_addsub0001_cy<0>)
     MUXCY:CI->O           1   0.065   0.000  Madd_pos_length_addsub0001_cy<1> (Madd_pos_length_addsub0001_cy<1>)
     MUXCY:CI->O           1   0.065   0.000  Madd_pos_length_addsub0001_cy<2> (Madd_pos_length_addsub0001_cy<2>)
     MUXCY:CI->O           1   0.065   0.000  Madd_pos_length_addsub0001_cy<3> (Madd_pos_length_addsub0001_cy<3>)
     MUXCY:CI->O           1   0.065   0.000  Madd_pos_length_addsub0001_cy<4> (Madd_pos_length_addsub0001_cy<4>)
     MUXCY:CI->O           1   0.065   0.000  Madd_pos_length_addsub0001_cy<5> (Madd_pos_length_addsub0001_cy<5>)
     MUXCY:CI->O           1   0.065   0.000  Madd_pos_length_addsub0001_cy<6> (Madd_pos_length_addsub0001_cy<6>)
     MUXCY:CI->O           1   0.065   0.000  Madd_pos_length_addsub0001_cy<7> (Madd_pos_length_addsub0001_cy<7>)
     MUXCY:CI->O           1   0.065   0.000  Madd_pos_length_addsub0001_cy<8> (Madd_pos_length_addsub0001_cy<8>)
     MUXCY:CI->O           1   0.065   0.000  Madd_pos_length_addsub0001_cy<9> (Madd_pos_length_addsub0001_cy<9>)
     MUXCY:CI->O           1   0.065   0.000  Madd_pos_length_addsub0001_cy<10> (Madd_pos_length_addsub0001_cy<10>)
     MUXCY:CI->O           1   0.065   0.000  Madd_pos_length_addsub0001_cy<11> (Madd_pos_length_addsub0001_cy<11>)
     XORCY:CI->O           1   0.844   0.563  Madd_pos_length_addsub0001_xor<12> (pos_length_addsub0001<12>)
     LUT4:I0->O            1   0.648   0.000  Mcompar_sig_cmp_lt0000_lut<12> (Mcompar_sig_cmp_lt0000_lut<12>)
     MUXCY:S->O            1   0.632   0.000  Mcompar_sig_cmp_lt0000_cy<12> (Mcompar_sig_cmp_lt0000_cy<12>)
     MUXCY:CI->O           1   0.141   0.420  Mcompar_sig_cmp_lt0000_cy<13> (Mcompar_sig_cmp_lt0000_cy<13>)
     FDR:R                     0.869          sig
    ----------------------------------------
    Total                      7.551ns (5.978ns logic, 1.573ns route)
                                       (79.2% logic, 20.8% route)

=========================================================================
Timing constraint: Default OFFSET OUT AFTER for Clock 'clk'
  Total number of paths / destination ports: 1 / 1
-------------------------------------------------------------------------
Offset:              5.531ns (Levels of Logic = 1)
  Source:            sig (FF)
  Destination:       sig (PAD)
  Source Clock:      clk rising

  Data Path: sig to sig
                                Gate     Net
    Cell:in->out      fanout   Delay   Delay  Logical Name (Net Name)
    ----------------------------------------  ------------
     FDR:C->Q              1   0.591   0.420  sig (sig_OBUF)
     OBUF:I->O                 4.520          sig_OBUF (sig)
    ----------------------------------------
    Total                      5.531ns (5.111ns logic, 0.420ns route)
                                       (92.4% logic, 7.6% route)

=========================================================================


Total REAL time to Xst completion: 26.00 secs
Total CPU time to Xst completion: 26.66 secs
 
--> 

Total memory usage is 248564 kilobytes

Number of errors   :    0 (   0 filtered)
Number of warnings :    4 (   0 filtered)
Number of infos    :    0 (   0 filtered)

