INFO:sim:172 - Generating IP...
Applying current project options...
Finished applying current project options.
WARNING:sim - A core named 'mel_mem' already exists in the project. Output
   products for this core may be overwritten.
Resolving generics for 'mel_mem'...
WARNING:sim - A core named 'mel_mem' already exists in the project. Output
   products for this core may be overwritten.
Applying external generics to 'mel_mem'...
Delivering associated files for 'mel_mem'...
WARNING:sim - Can't find 'Verilog' synthesis view; using general synthesis view
Delivering EJava files for 'mel_mem'...
Generating implementation netlist for 'mel_mem'...
INFO:sim - Pre-processing HDL files for 'mel_mem'...
Running synthesis for 'mel_mem'
Running ngcbuild...
Writing VEO instantiation template for 'mel_mem'...
Writing Verilog behavioral simulation model for 'mel_mem'...
Generating ASY schematic symbol...
INFO:sim:949 - Finished generation of ASY schematic symbol.
Generating SYM schematic symbol for 'mel_mem'...
Generating metadata file...
Generating ISE project...
XCO file found: mel_mem.xco
XMDF file found: mel_mem_xmdf.tcl
Adding
D:/Audio-Controller/EvenOneMoreAudCtrl/ipcore_dir/tmp/_cg/blk_mem_gen_v6_3_readm
e.txt -view all -origin_type imported
Adding D:/Audio-Controller/EvenOneMoreAudCtrl/ipcore_dir/tmp/_cg/mel_mem.asy
-view all -origin_type imported
Adding D:/Audio-Controller/EvenOneMoreAudCtrl/ipcore_dir/tmp/_cg/mel_mem.ngc
-view all -origin_type created
Checking file
"D:/Audio-Controller/EvenOneMoreAudCtrl/ipcore_dir/tmp/_cg/mel_mem.ngc" for
project device match ...
File "D:/Audio-Controller/EvenOneMoreAudCtrl/ipcore_dir/tmp/_cg/mel_mem.ngc"
device information matches project device.
Adding D:/Audio-Controller/EvenOneMoreAudCtrl/ipcore_dir/tmp/_cg/mel_mem.sym
-view all -origin_type imported
Adding D:/Audio-Controller/EvenOneMoreAudCtrl/ipcore_dir/tmp/_cg/mel_mem.v -view
all -origin_type created
INFO:HDLCompiler:1845 - Analyzing Verilog file
   "D:/Audio-Controller/EvenOneMoreAudCtrl/ipcore_dir/tmp/_cg/mel_mem.v" into
   library work
INFO:ProjectMgmt - Parsing design hierarchy completed successfully.
Adding D:/Audio-Controller/EvenOneMoreAudCtrl/ipcore_dir/tmp/_cg/mel_mem.veo
-view all -origin_type imported
INFO:TclTasksC:2116 - The automatic calculation of top has been turned-off.
   Please set the new top explicitly by running the "project set top" command.
   To re-calculate the new top automatically, set the "Auto Implementation Top"
   property to true.
Top level has been set to "/mel_mem"
Generating README file...
Generating FLIST file...
INFO:sim:948 - Finished FLIST file generation.
Launching README viewer...
Moving files to output directory...
Finished moving files to output directory
Wrote CGP file for project 'mel_mem'.
